<?xml version="1.0" encoding="UTF-8"?>
<testng-results skipped="0" failed="0" ignored="0" total="1" passed="1">
  <reporter-output>
  </reporter-output>
  <suite name="Default suite" duration-ms="20665" started-at="2022-08-19T22:35:20Z" finished-at="2022-08-19T22:35:41Z">
    <groups>
    </groups>
    <test name="Default test" duration-ms="20665" started-at="2022-08-19T22:35:20Z" finished-at="2022-08-19T22:35:41Z">
      <class name="Tests.registerationTests.checkUserRegisteration">
        <test-method status="PASS" signature="setup(java.lang.String)[pri:0, instance:Tests.registerationTests.checkUserRegisteration@29ca901e]" name="setup" is-config="true" duration-ms="11303" started-at="2022-08-19T22:35:09Z" finished-at="2022-08-19T22:35:20Z">
          <params>
            <param index="0">
              <value>
                <![CDATA[chrome]]>
              </value>
            </param>
          </params>
          <reporter-output>
          </reporter-output>
        </test-method> <!-- setup -->
        <test-method status="PASS" signature="checkUserRegistrationWithValidData(java.lang.String, java.lang.String, java.lang.String, java.lang.String, java.lang.String, java.lang.String, java.lang.String, java.lang.String, java.lang.String, java.lang.String, java.lang.String, java.lang.String, java.lang.String, java.lang.String)[pri:0, instance:Tests.registerationTests.checkUserRegisteration@29ca901e]" name="checkUserRegistrationWithValidData" duration-ms="19514" started-at="2022-08-19T22:35:22Z" data-provider="RegisterTestData" finished-at="2022-08-19T22:35:41Z">
          <params>
            <param index="0">
              <value>
                <![CDATA[nadasalama7@gmail.com]]>
              </value>
            </param>
            <param index="1">
              <value>
                <![CDATA[Nada]]>
              </value>
            </param>
            <param index="2">
              <value>
                <![CDATA[Ahmed]]>
              </value>
            </param>
            <param index="3">
              <value>
                <![CDATA[Password@1234]]>
              </value>
            </param>
            <param index="4">
              <value>
                <![CDATA[Address first name is here]]>
              </value>
            </param>
            <param index="5">
              <value>
                <![CDATA[Address last name is here]]>
              </value>
            </param>
            <param index="6">
              <value>
                <![CDATA[Address is here]]>
              </value>
            </param>
            <param index="7">
              <value>
                <![CDATA[City is here]]>
              </value>
            </param>
            <param index="8">
              <value>
                <![CDATA[Alaska]]>
              </value>
            </param>
            <param index="9">
              <value>
                <![CDATA[00202]]>
              </value>
            </param>
            <param index="10">
              <value>
                <![CDATA[United States]]>
              </value>
            </param>
            <param index="11">
              <value>
                <![CDATA[hello]]>
              </value>
            </param>
            <param index="12">
              <value>
                <![CDATA[01234567790]]>
              </value>
            </param>
            <param index="13">
              <value>
                <![CDATA[ALias is here]]>
              </value>
            </param>
          </params>
          <reporter-output>
          </reporter-output>
        </test-method> <!-- checkUserRegistrationWithValidData -->
        <test-method status="PASS" signature="stopDriver()[pri:0, instance:Tests.registerationTests.checkUserRegisteration@29ca901e]" name="stopDriver" is-config="true" duration-ms="870" started-at="2022-08-19T22:35:41Z" finished-at="2022-08-19T22:35:42Z">
          <reporter-output>
          </reporter-output>
        </test-method> <!-- stopDriver -->
      </class> <!-- Tests.registerationTests.checkUserRegisteration -->
    </test> <!-- Default test -->
  </suite> <!-- Default suite -->
</testng-results>
